1663270068178	geckodriver	INFO	Listening on 127.0.0.1:49737
1663270071275	mozrunner::runner	INFO	Running command: "C:\\Program Files\\Mozilla Firefox\\firefox.exe" "--marionette" "--remote-debugging-port" "49738" "-no-remote" "-profile" "C:\\Users\\LANA_L~1\\AppData\\Local\\Temp\\rust_mozprofilehW1gL9"
1663270072127	Marionette	INFO	Marionette enabled
1663270072135	Marionette	INFO	Listening on port 49749
WebDriver BiDi listening on ws://localhost:49738
1663270072480	RemoteAgent	WARN	TLS certificate errors will be ignored for this session
console.warn: SearchSettings: "get: No settings file exists, new profile?" (new NotFoundError("Could not open the file at C:\\Users\\LANA_L~1\\AppData\\Local\\Temp\\rust_mozprofilehW1gL9\\search.json.mozlz4", (void 0)))
DevTools listening on ws://localhost:49738/devtools/browser/1a4f6afc-ae68-4cf2-827e-f4fc4976dc93
1663275719440	Marionette	INFO	Stopped listening on port 49749
console.warn: TopSitesFeed: Failed to fetch data from Contile server: NetworkError when attempting to fetch resource.
[Parent 25312, IPC I/O Parent] WARNING: file /builds/worker/checkouts/gecko/ipc/chromium/src/base/process_util_win.cc:167
1663284831195	geckodriver	INFO	Listening on 127.0.0.1:62926
1663284834287	mozrunner::runner	INFO	Running command: "C:\\Program Files\\Mozilla Firefox\\firefox.exe" "--marionette" "--remote-debugging-port" "62927" "-no-remote" "-profile" "C:\\Users\\LANA_L~1\\AppData\\Local\\Temp\\rust_mozprofileiCYssE"
1663284835078	Marionette	INFO	Marionette enabled
1663284835088	Marionette	INFO	Listening on port 62939
WebDriver BiDi listening on ws://localhost:62927
1663284835513	RemoteAgent	WARN	TLS certificate errors will be ignored for this session
console.warn: SearchSettings: "get: No settings file exists, new profile?" (new NotFoundError("Could not open the file at C:\\Users\\LANA_L~1\\AppData\\Local\\Temp\\rust_mozprofileiCYssE\\search.json.mozlz4", (void 0)))
DevTools listening on ws://localhost:62927/devtools/browser/338ce935-bae0-4b52-844c-6acac8d3cf1b
1663284843207	Marionette	INFO	Stopped listening on port 62939
JavaScript error: resource://gre/actors/ContentMetaChild.jsm, line 183: InvalidStateError: JSWindowActorChild.sendAsyncMessage: JSWindowActorChild cannot send at the moment
[Parent 16296, IPC I/O Parent] WARNING: file /builds/worker/checkouts/gecko/ipc/chromium/src/base/process_util_win.cc:167
1663286135973	geckodriver	INFO	Listening on 127.0.0.1:54352
1663286139049	mozrunner::runner	INFO	Running command: "C:\\Program Files\\Mozilla Firefox\\firefox.exe" "--marionette" "--remote-debugging-port" "54353" "-no-remote" "-profile" "C:\\Users\\LANA_L~1\\AppData\\Local\\Temp\\rust_mozprofileHiPH6g"
1663286139922	Marionette	INFO	Marionette enabled
1663286139929	Marionette	INFO	Listening on port 54364
WebDriver BiDi listening on ws://localhost:54353
1663286140250	RemoteAgent	WARN	TLS certificate errors will be ignored for this session
console.warn: SearchSettings: "get: No settings file exists, new profile?" (new NotFoundError("Could not open the file at C:\\Users\\LANA_L~1\\AppData\\Local\\Temp\\rust_mozprofileHiPH6g\\search.json.mozlz4", (void 0)))
DevTools listening on ws://localhost:54353/devtools/browser/9ccd49bd-ec59-4444-9a66-90e4e624f1c0
1663292188514	Marionette	INFO	Stopped listening on port 54364
JavaScript error: resource://gre/modules/AsyncShutdown.jsm, line 719: Error: Phase "Sqlite.jsm: wait until all connections are closed" is finished, it is too late to register completion condition "protections.sqlite#0: waiting for shutdown"
663291221662	Marionette	INFO	Marionette enabled
1663291221669	Marionette	INFO	Listening on port 57772
WebDriver BiDi listening on ws://localhost:57760
1663291222180	RemoteAgent	WARN	TLS certificate errors will be ignored for this session
console.warn: SearchSettings: "get: No settings file exists, new profile?" (new NotFoundError("Could not open the file at C:\\Users\\LANA_L~1\\AppData\\Local\\Temp\\rust_mozprofileaS5RQN\\search.json.mozlz4", (void 0)))
DevTools listening on ws://localhost:57760/devtools/browser/cbef81ce-f2d2-4bee-8b37-83dc0e4f825e
1663292188455	Marionette	INFO	Stopped listening on port 57772
console.warn: TopSitesFeed: Failed to fetch data from Contile server: NetworkError when attempting to fetch resource.
remote-debugging-port" "57920" "-no-remote" "-profile" "C:\\Users\\LANA_L~1\\AppData\\Local\\Temp\\rust_mozprofileV2yGuG"
1663291254638	Marionette	INFO	Marionette enabled
1663291254645	Marionette	INFO	Listening on port 57948
WebDriver BiDi listening on ws://localhost:57920
1663291255223	RemoteAgent	WARN	TLS certificate errors will be ignored for this session
console.warn: SearchSettings: "get: No settings file exists, new profile?" (new NotFoundError("Could not open the file at C:\\Users\\LANA_L~1\\AppData\\Local\\Temp\\rust_mozprofileV2yGuG\\search.json.mozlz4", (void 0)))
DevTools listening on ws://localhost:57920/devtools/browser/a02828c2-34c6-420b-86e6-ccd3f8befff2
1663292188441	Marionette	INFO	Stopped listening on port 57948
console.warn: TopSitesFeed: Failed to fetch data from Contile server: NetworkError when attempting to fetch resource.
JavaScript error: resource://gre/modules/Sqlite.jsm, line 1108: Error: Sqlite.jsm has been shutdown. Cannot open connection to: C:\Users\LANA_L~1\AppData\Local\Temp\rust_mozprofileV2yGuG\protections.sqlite
ning on port 58315
WebDriver BiDi listening on ws://localhost:58303
1663291361876	RemoteAgent	WARN	TLS certificate errors will be ignored for this session
console.warn: SearchSettings: "get: No settings file exists, new profile?" (new NotFoundError("Could not open the file at C:\\Users\\LANA_L~1\\AppData\\Local\\Temp\\rust_mozprofile3FZz6f\\search.json.mozlz4", (void 0)))
DevTools listening on ws://localhost:58303/devtools/browser/b19a8f2c-cfde-452c-91ca-130d301c7c04
1663292188471	Marionette	INFO	Stopped listening on port 58315
console.warn: TopSitesFeed: Failed to fetch data from Contile server: NetworkError when attempting to fetch resource.
JavaScript error: resource://gre/modules/Sqlite.jsm, line 1108: Error: Sqlite.jsm has been shutdown. Cannot open connection to: C:\Users\LANA_L~1\AppData\Local\Temp\rust_mozprofile3FZz6f\protections.sqlite
ning on port 60326
WebDriver BiDi listening on ws://localhost:60314
1663292115223	RemoteAgent	WARN	TLS certificate errors will be ignored for this session
console.warn: SearchSettings: "get: No settings file exists, new profile?" (new NotFoundError("Could not open the file at C:\\Users\\LANA_L~1\\AppData\\Local\\Temp\\rust_mozprofileX9yt8x\\search.json.mozlz4", (void 0)))
DevTools listening on ws://localhost:60314/devtools/browser/6d88fce5-5b52-4046-acf5-bd69e0182bb1
1663292188470	Marionette	INFO	Stopped listening on port 60326
console.warn: TopSitesFeed: Failed to fetch data from Contile server: NetworkError when attempting to fetch resource.
JavaScript error: resource://gre/modules/Sqlite.jsm, line 1108: Error: Sqlite.jsm has been shutdown. Cannot open connection to: C:\Users\LANA_L~1\AppData\Local\Temp\rust_mozprofileX9yt8x\protections.sqlite
1663292248020	geckodriver	INFO	Listening on 127.0.0.1:60753
1663292251117	mozrunner::runner	INFO	Running command: "C:\\Program Files\\Mozilla Firefox\\firefox.exe" "--marionette" "--remote-debugging-port" "60754" "-no-remote" "-profile" "C:\\Users\\LANA_L~1\\AppData\\Local\\Temp\\rust_mozprofilee9bPht"
1663292251934	Marionette	INFO	Marionette enabled
1663292251941	Marionette	INFO	Listening on port 60766
WebDriver BiDi listening on ws://localhost:60754
1663292252339	RemoteAgent	WARN	TLS certificate errors will be ignored for this session
console.warn: SearchSettings: "get: No settings file exists, new profile?" (new NotFoundError("Could not open the file at C:\\Users\\LANA_L~1\\AppData\\Local\\Temp\\rust_mozprofilee9bPht\\search.json.mozlz4", (void 0)))
DevTools listening on ws://localhost:60754/devtools/browser/8e943973-6730-4bf7-9183-7730faec3173
1663293571937	Marionette	INFO	Stopped listening on port 60766
[Parent 13260, IPC I/O Parent] WARNING: file /builds/worker/checkouts/gecko/ipc/chromium/src/base/process_util_win.cc:167
JavaScript error: resource://gre/modules/AsyncShutdown.jsm, line 719: Error: Phase "Sqlite.jsm: wait until all connections are closed" is finished, it is too late to register completion condition "protections.sqlite#0: waiting for shutdown"
ening on ws://localhost:60970
1663292302150	RemoteAgent	WARN	TLS certificate errors will be ignored for this session
console.warn: SearchSettings: "get: No settings file exists, new profile?" (new NotFoundError("Could not open the file at C:\\Users\\LANA_L~1\\AppData\\Local\\Temp\\rust_mozprofileA7hgA3\\search.json.mozlz4", (void 0)))
DevTools listening on ws://localhost:60970/devtools/browser/7ff0203c-3077-45d0-a3fe-cdd398cdabd2
JavaScript error: https://cdnjs.cloudflare.com/ajax/libs/require.js/2.1.14/require.min.js, line 8: Error: Script error for: jquery
http://requirejs.org/docs/errors.html#scripterror
1663293572127	Marionette	INFO	Stopped listening on port 60982
!!! error running onStopped callback: TypeError: callback is not a function
[Parent 20792, IPC I/O Parent] WARNING: file /builds/worker/checkouts/gecko/ipc/chromium/src/base/process_util_win.cc:167
JavaScript error: resource://gre/modules/AsyncShutdown.jsm, line 719: Error: Phase "Sqlite.jsm: wait until all connections are closed" is finished, it is too late to register completion condition "protections.sqlite#0: waiting for shutdown"
\\AppData\\Local\\Temp\\rust_mozprofilepuUi60\\search.json.mozlz4", (void 0)))
DevTools listening on ws://localhost:61139/devtools/browser/ca59a733-8500-4a78-8869-431c7ea684f5
1663293572373	Marionette	INFO	Stopped listening on port 61156
JavaScript error: resource://gre/modules/Sqlite.jsm, line 1108: Error: Sqlite.jsm has been shutdown. Cannot open connection to: C:\Users\LANA_L~1\AppData\Local\Temp\rust_mozprofilepuUi60\protections.sqlite
cal\\Temp\\rust_mozprofilefpDTaU"
1663292355670	Marionette	INFO	Marionette enabled
1663292355677	Marionette	INFO	Listening on port 61290
WebDriver BiDi listening on ws://localhost:61277
1663292356215	RemoteAgent	WARN	TLS certificate errors will be ignored for this session
console.warn: SearchSettings: "get: No settings file exists, new profile?" (new NotFoundError("Could not open the file at C:\\Users\\LANA_L~1\\AppData\\Local\\Temp\\rust_mozprofilefpDTaU\\search.json.mozlz4", (void 0)))
DevTools listening on ws://localhost:61277/devtools/browser/93214e6c-292d-44a6-a53e-ada0d56f55b0
1663293571922	Marionette	INFO	Stopped listening on port 61290
[Parent 26892, IPC I/O Parent] WARNING: file /builds/worker/checkouts/gecko/ipc/chromium/src/base/process_util_win.cc:167
te-debugging-port" "61472" "-no-remote" "-profile" "C:\\Users\\LANA_L~1\\AppData\\Local\\Temp\\rust_mozprofilebdknTK"
1663292384043	Marionette	INFO	Marionette enabled
1663292384050	Marionette	INFO	Listening on port 61484
WebDriver BiDi listening on ws://localhost:61472
1663292384499	RemoteAgent	WARN	TLS certificate errors will be ignored for this session
console.warn: SearchSettings: "get: No settings file exists, new profile?" (new NotFoundError("Could not open the file at C:\\Users\\LANA_L~1\\AppData\\Local\\Temp\\rust_mozprofilebdknTK\\search.json.mozlz4", (void 0)))
DevTools listening on ws://localhost:61472/devtools/browser/169e55bd-1580-400a-a026-b78a17c541cd
JavaScript error: https://cdnjs.cloudflare.com/ajax/libs/require.js/2.1.14/require.min.js, line 8: Error: Script error for: jquery
http://requirejs.org/docs/errors.html#scripterror
1663293572415	Marionette	INFO	Stopped listening on port 61484
[Parent 27388, IPC I/O Parent] WARNING: file /builds/worker/checkouts/gecko/ipc/chromium/src/base/process_util_win.cc:167
te-debugging-port" "61908" "-no-remote" "-profile" "C:\\Users\\LANA_L~1\\AppData\\Local\\Temp\\rust_mozprofilePmM9ly"
1663292513745	Marionette	INFO	Marionette enabled
1663292513756	Marionette	INFO	Listening on port 61921
WebDriver BiDi listening on ws://localhost:61908
1663292514431	RemoteAgent	WARN	TLS certificate errors will be ignored for this session
console.warn: SearchSettings: "get: No settings file exists, new profile?" (new NotFoundError("Could not open the file at C:\\Users\\LANA_L~1\\AppData\\Local\\Temp\\rust_mozprofilePmM9ly\\search.json.mozlz4", (void 0)))
DevTools listening on ws://localhost:61908/devtools/browser/2d89a413-6290-4f12-9f1d-30d9e86e9a61
1663293572113	Marionette	INFO	Stopped listening on port 61921
!!! error running onStopped callback: TypeError: callback is not a function
[Parent 15508, IPC I/O Parent] WARNING: file /builds/worker/checkouts/gecko/ipc/chromium/src/base/process_util_win.cc:167
ata\\Local\\Temp\\rust_mozprofile3L0CZv"
1663292569298	Marionette	INFO	Marionette enabled
1663292569305	Marionette	INFO	Listening on port 62154
WebDriver BiDi listening on ws://localhost:62141
1663292569680	RemoteAgent	WARN	TLS certificate errors will be ignored for this session
console.warn: SearchSettings: "get: No settings file exists, new profile?" (new NotFoundError("Could not open the file at C:\\Users\\LANA_L~1\\AppData\\Local\\Temp\\rust_mozprofile3L0CZv\\search.json.mozlz4", (void 0)))
DevTools listening on ws://localhost:62141/devtools/browser/a4d8bb3a-8844-4235-b6f3-1ce58957afbf
1663293572380	Marionette	INFO	Stopped listening on port 62154
[Parent 15436, IPC I/O Parent] WARNING: file /builds/worker/checkouts/gecko/ipc/chromium/src/base/process_util_win.cc:167
JavaScript error: resource://gre/modules/Sqlite.jsm, line 1108: Error: Sqlite.jsm has been shutdown. Cannot open connection to: C:\Users\LANA_L~1\AppData\Local\Temp\rust_mozprofile3L0CZv\protections.sqlite
 on port 50697
WebDriver BiDi listening on ws://localhost:50685
1663292665895	RemoteAgent	WARN	TLS certificate errors will be ignored for this session
console.warn: SearchSettings: "get: No settings file exists, new profile?" (new NotFoundError("Could not open the file at C:\\Users\\LANA_L~1\\AppData\\Local\\Temp\\rust_mozprofileCo7cgf\\search.json.mozlz4", (void 0)))
DevTools listening on ws://localhost:50685/devtools/browser/948c533e-fff1-46c2-8c76-cf6ab3790254
1663293572100	Marionette	INFO	Stopped listening on port 50697
!!! error running onStopped callback: TypeError: callback is not a function
JavaScript error: resource://gre/modules/AsyncShutdown.jsm, line 719: Error: Phase "Sqlite.jsm: wait until all connections are closed" is finished, it is too late to register completion condition "protections.sqlite#0: waiting for shutdown"
O	Listening on port 51358
WebDriver BiDi listening on ws://localhost:51345
1663292871638	RemoteAgent	WARN	TLS certificate errors will be ignored for this session
console.warn: SearchSettings: "get: No settings file exists, new profile?" (new NotFoundError("Could not open the file at C:\\Users\\LANA_L~1\\AppData\\Local\\Temp\\rust_mozprofilezsz17W\\search.json.mozlz4", (void 0)))
DevTools listening on ws://localhost:51345/devtools/browser/fd53490a-bf1a-440c-a32f-b0c5358bf55b
1663293572375	Marionette	INFO	Stopped listening on port 51358
[Parent 28884, IPC I/O Parent] WARNING: file /builds/worker/checkouts/gecko/ipc/chromium/src/base/process_util_win.cc:167
1663293668084	geckodriver	INFO	Listening on 127.0.0.1:53518
1663293671194	mozrunner::runner	INFO	Running command: "C:\\Program Files\\Mozilla Firefox\\firefox.exe" "--marionette" "--remote-debugging-port" "53519" "-no-remote" "-profile" "C:\\Users\\LANA_L~1\\AppData\\Local\\Temp\\rust_mozprofileozSTfH"
1663293671659	Marionette	INFO	Marionette enabled
1663293671667	Marionette	INFO	Listening on port 53531
WebDriver BiDi listening on ws://localhost:53519
1663293671811	RemoteAgent	WARN	TLS certificate errors will be ignored for this session
console.warn: SearchSettings: "get: No settings file exists, new profile?" (new NotFoundError("Could not open the file at C:\\Users\\LANA_L~1\\AppData\\Local\\Temp\\rust_mozprofileozSTfH\\search.json.mozlz4", (void 0)))
DevTools listening on ws://localhost:53519/devtools/browser/c284dbed-3ffe-45b7-8edf-77ee3060e409
1663300192174	Marionette	INFO	Stopped listening on port 53531
[Parent 9468, IPC I/O Parent] WARNING: file /builds/worker/checkouts/gecko/ipc/chromium/src/base/process_util_win.cc:167
ote-debugging-port" "54228" "-no-remote" "-profile" "C:\\Users\\LANA_L~1\\AppData\\Local\\Temp\\rust_mozprofile1yCIHj"
1663293899262	Marionette	INFO	Marionette enabled
1663293899271	Marionette	INFO	Listening on port 54240
WebDriver BiDi listening on ws://localhost:54228
1663293899393	RemoteAgent	WARN	TLS certificate errors will be ignored for this session
console.warn: SearchSettings: "get: No settings file exists, new profile?" (new NotFoundError("Could not open the file at C:\\Users\\LANA_L~1\\AppData\\Local\\Temp\\rust_mozprofile1yCIHj\\search.json.mozlz4", (void 0)))
DevTools listening on ws://localhost:54228/devtools/browser/529798cd-f81b-4f22-9068-bfe263436f6f
1663300192176	Marionette	INFO	Stopped listening on port 54240
[Parent 3120, IPC I/O Parent] WARNING: file /builds/worker/checkouts/gecko/ipc/chromium/src/base/process_util_win.cc:167
[Parent 3120, IPC I/O Parent] WARNING: file /builds/worker/checkouts/gecko/ipc/chromium/src/base/process_util_win.cc:167
JavaScript error: resource://gre/modules/Sqlite.jsm, line 1108: Error: Sqlite.jsm has been shutdown. Cannot open connection to: C:\Users\LANA_L~1\AppData\Local\Temp\rust_mozprofile1yCIHj\protections.sqlite
ill be ignored for this session
console.warn: SearchSettings: "get: No settings file exists, new profile?" (new NotFoundError("Could not open the file at C:\\Users\\LANA_L~1\\AppData\\Local\\Temp\\rust_mozprofileqGEjgK\\search.json.mozlz4", (void 0)))
DevTools listening on ws://localhost:54704/devtools/browser/58282854-c983-4b76-9765-73aa7f5e43e1
JavaScript error: https://cdnjs.cloudflare.com/ajax/libs/require.js/2.1.14/require.min.js, line 8: Error: Script error for: jquery
http://requirejs.org/docs/errors.html#scripterror
1663300192259	Marionette	INFO	Stopped listening on port 54716
[Parent 27444, IPC I/O Parent] WARNING: file /builds/worker/checkouts/gecko/ipc/chromium/src/base/process_util_win.cc:167
te-debugging-port" "54960" "-no-remote" "-profile" "C:\\Users\\LANA_L~1\\AppData\\Local\\Temp\\rust_mozprofilenKFuQn"
1663294112429	Marionette	INFO	Marionette enabled
1663294112435	Marionette	INFO	Listening on port 54973
WebDriver BiDi listening on ws://localhost:54960
1663294112658	RemoteAgent	WARN	TLS certificate errors will be ignored for this session
console.warn: SearchSettings: "get: No settings file exists, new profile?" (new NotFoundError("Could not open the file at C:\\Users\\LANA_L~1\\AppData\\Local\\Temp\\rust_mozprofilenKFuQn\\search.json.mozlz4", (void 0)))
DevTools listening on ws://localhost:54960/devtools/browser/a9d099d6-071a-4fc6-a9b6-b131ec1b46d5
1663300192262	Marionette	INFO	Stopped listening on port 54973
3294129756	mozrunner::runner	INFO	Running command: "C:\\Program Files\\Mozilla Firefox\\firefox.exe" "--marionette" "--remote-debugging-port" "55096" "-no-remote" "-profile" "C:\\Users\\LANA_L~1\\AppData\\Local\\Temp\\rust_mozprofilef6QzC6"
1663294130204	Marionette	INFO	Marionette enabled
1663294130211	Marionette	INFO	Listening on port 55110
WebDriver BiDi listening on ws://localhost:55096
1663294130434	RemoteAgent	WARN	TLS certificate errors will be ignored for this session
console.warn: SearchSettings: "get: No settings file exists, new profile?" (new NotFoundError("Could not open the file at C:\\Users\\LANA_L~1\\AppData\\Local\\Temp\\rust_mozprofilef6QzC6\\search.json.mozlz4", (void 0)))
DevTools listening on ws://localhost:55096/devtools/browser/041571e5-ee8e-42b8-aa3b-f4af5b4565b6
1663300192259	Marionette	INFO	Stopped listening on port 55110
[Parent 15744, IPC I/O Parent] WARNING: file /builds/worker/checkouts/gecko/ipc/chromium/src/base/process_util_win.cc:167
